Using pre-set license
Built from '2020.3/staging' branch; Version is '2020.3.19f1 (68f137dc9bbe) revision 6877495'; Using compiler version '192528614'; Build Type 'Release'
OS: 'Windows 10 Pro for Workstations; OS build 19044.1586; Version 2009; 64bit' Language: 'en' Physical Memory: 32469 MB
BatchMode: 1, IsHumanControllingUs: 0, StartBugReporterOnCrash: 0, Is64bit: 1, IsPro: 0

COMMAND LINE ARGUMENTS:
C:\Program Files\Unity\Hub\Editor\2020.3.19f1\Editor\Unity.exe
-adb2
-batchMode
-noUpm
-name
AssetImportWorker0
-projectPath
C:/DDISK/WS/Unity_WS/2021-2022/BitLondon/Bit-London/Bit London
-logFile
Logs/AssetImportWorker0.log
-srvPort
53034
Successfully changed project path to: C:/DDISK/WS/Unity_WS/2021-2022/BitLondon/Bit-London/Bit London
C:/DDISK/WS/Unity_WS/2021-2022/BitLondon/Bit-London/Bit London
Using Asset Import Pipeline V2.
Refreshing native plugins compatible for Editor in 26.28 ms, found 2 plugins.
Preloading 0 native plugins for Editor in 0.00 ms.
Initialize engine version: 2020.3.19f1 (68f137dc9bbe)
[Subsystems] Discovering subsystems at path C:/Program Files/Unity/Hub/Editor/2020.3.19f1/Editor/Data/Resources/UnitySubsystems
[Subsystems] Discovering subsystems at path C:/DDISK/WS/Unity_WS/2021-2022/BitLondon/Bit-London/Bit London/Assets
GfxDevice: creating device client; threaded=0
Direct3D:
    Version:  Direct3D 11.0 [level 11.1]
    Renderer: NVIDIA GeForce RTX 3080 Laptop GPU (ID=0x249c)
    Vendor:   
    VRAM:     8041 MB
    Driver:   30.0.15.1179
Initialize mono
Mono path[0] = 'C:/Program Files/Unity/Hub/Editor/2020.3.19f1/Editor/Data/Managed'
Mono path[1] = 'C:/Program Files/Unity/Hub/Editor/2020.3.19f1/Editor/Data/MonoBleedingEdge/lib/mono/unityjit'
Mono config path = 'C:/Program Files/Unity/Hub/Editor/2020.3.19f1/Editor/Data/MonoBleedingEdge/etc'
Using monoOptions --debugger-agent=transport=dt_socket,embedding=1,server=y,suspend=n,address=127.0.0.1:56144
Begin MonoManager ReloadAssembly
Registering precompiled unity dll's ...
Register platform support module: C:/Program Files/Unity/Hub/Editor/2020.3.19f1/Editor/Data/PlaybackEngines/WindowsStandaloneSupport/UnityEditor.WindowsStandalone.Extensions.dll
Registered in 0.001497 seconds.
Native extension for WindowsStandalone target not found
Refreshing native plugins compatible for Editor in 28.35 ms, found 2 plugins.
Preloading 0 native plugins for Editor in 0.00 ms.
Mono: successfully reloaded assembly
- Completed reload, in  0.739 seconds
Domain Reload Profiling:
	ReloadAssembly (739ms)
		BeginReloadAssembly (38ms)
			ExecutionOrderSort (0ms)
			DisableScriptedObjects (0ms)
			BackupInstance (0ms)
			ReleaseScriptingObjects (0ms)
			CreateAndSetChildDomain (1ms)
		EndReloadAssembly (295ms)
			LoadAssemblies (36ms)
			RebuildTransferFunctionScriptingTraits (0ms)
			SetupTypeCache (102ms)
			ReleaseScriptCaches (0ms)
			RebuildScriptCaches (20ms)
			SetupLoadedEditorAssemblies (124ms)
				LogAssemblyErrors (0ms)
				InitializePlatformSupportModulesInManaged (3ms)
				SetLoadedEditorAssemblies (0ms)
				RefreshPlugins (28ms)
				BeforeProcessingInitializeOnLoad (14ms)
				ProcessInitializeOnLoadAttributes (59ms)
				ProcessInitializeOnLoadMethodAttributes (19ms)
				AfterProcessingInitializeOnLoad (0ms)
				EditorAssembliesLoaded (0ms)
			ExecutionOrderSort2 (0ms)
			AwakeInstancesAfterBackupRestoration (0ms)
Platform modules already initialized, skipping
Registering precompiled user dll's ...
Registered in 0.002364 seconds.
Begin MonoManager ReloadAssembly
Native extension for WindowsStandalone target not found
Refreshing native plugins compatible for Editor in 0.36 ms, found 2 plugins.
Preloading 0 native plugins for Editor in 0.00 ms.
Mono: successfully reloaded assembly
- Completed reload, in  0.701 seconds
Domain Reload Profiling:
	ReloadAssembly (702ms)
		BeginReloadAssembly (97ms)
			ExecutionOrderSort (0ms)
			DisableScriptedObjects (3ms)
			BackupInstance (0ms)
			ReleaseScriptingObjects (0ms)
			CreateAndSetChildDomain (14ms)
		EndReloadAssembly (560ms)
			LoadAssemblies (60ms)
			RebuildTransferFunctionScriptingTraits (0ms)
			SetupTypeCache (183ms)
			ReleaseScriptCaches (0ms)
			RebuildScriptCaches (28ms)
			SetupLoadedEditorAssemblies (220ms)
				LogAssemblyErrors (0ms)
				InitializePlatformSupportModulesInManaged (5ms)
				SetLoadedEditorAssemblies (0ms)
				RefreshPlugins (0ms)
				BeforeProcessingInitializeOnLoad (56ms)
				ProcessInitializeOnLoadAttributes (143ms)
				ProcessInitializeOnLoadMethodAttributes (10ms)
				AfterProcessingInitializeOnLoad (5ms)
				EditorAssembliesLoaded (0ms)
			ExecutionOrderSort2 (0ms)
			AwakeInstancesAfterBackupRestoration (5ms)
Platform modules already initialized, skipping
========================================================================
Worker process is ready to serve import requests
Launched and connected shader compiler UnityShaderCompiler.exe after 0.03 seconds
Refreshing native plugins compatible for Editor in 0.33 ms, found 2 plugins.
Preloading 0 native plugins for Editor in 0.00 ms.
Unloading 1529 Unused Serialized files (Serialized files now loaded: 0)
System memory in use before: 72.8 MB.
System memory in use after: 72.9 MB.

Unloading 16 unused Assets to reduce memory usage. Loaded Objects now: 1966.
Total: 1.889900 ms (FindLiveObjects: 0.106800 ms CreateObjectMapping: 0.024100 ms MarkObjects: 1.686600 ms  DeleteObjects: 0.071600 ms)

AssetImportParameters requested are different than current active one (requested -> active):
  custom:framework-win-MediaFoundation: 216162199b28c13a410421893ffa2e32 -> 
  custom:video-decoder-ogg-theora: a1e56fd34408186e4bbccfd4996cb3dc -> 
  custom:container-muxer-webm: aa71ff27fc2769a1b78a27578f13a17b -> 
  custom:container-demuxer-webm: 4f35f7cbe854078d1ac9338744f61a02 -> 
  custom:container-demuxer-ogg: 62fdf1f143b41e24485cea50d1cbac27 -> 
  custom:video-encoder-webm-vp8: eb34c28f22e8b96e1ab97ce403110664 -> 
  custom:video-decoder-webm-vp8: 9c59270c3fd7afecdb556c50c9e8de78 -> 
  custom:audio-decoder-ogg-vorbis: bf7c407c2cedff20999df2af8eb42d56 -> 
  custom:audio-encoder-webm-vorbis: bf7c407c2cedff20999df2af8eb42d56 -> 
========================================================================
Received Import Request.
  path: Assets/Scenes/BigBen 1.unity
  artifactKey: Guid(da933a6a9a813f34da98b72cc577396a) Importer(815301076,1909f56bfc062723c751e8b465ee728b)
Start importing Assets/Scenes/BigBen 1.unity using Guid(da933a6a9a813f34da98b72cc577396a) Importer(815301076,1909f56bfc062723c751e8b465ee728b)  -> (artifact id: '5dd2578685b9fddf70aa6786a9fe3178') in 0.008911 seconds 
  Import took 0.010873 seconds .

========================================================================
Received Import Request.
  Time since last request: 17.658317 seconds.
  path: Assets/Scenes/GoldenChippy.unity
  artifactKey: Guid(da933a6a9a813f34da98b72cc577396a) Importer(815301076,1909f56bfc062723c751e8b465ee728b)
Start importing Assets/Scenes/GoldenChippy.unity using Guid(da933a6a9a813f34da98b72cc577396a) Importer(815301076,1909f56bfc062723c751e8b465ee728b)  -> (artifact id: '20798d9dc760a7ab7be5c9da719b0ddc') in 0.002694 seconds 
  Import took 0.004776 seconds .

========================================================================
Received Import Request.
  Time since last request: 12.440131 seconds.
  path: Assets/Scenes/Map.unity
  artifactKey: Guid(9fc0d4010bbf28b4594072e72b8655ab) Importer(815301076,1909f56bfc062723c751e8b465ee728b)
Start importing Assets/Scenes/Map.unity using Guid(9fc0d4010bbf28b4594072e72b8655ab) Importer(815301076,1909f56bfc062723c751e8b465ee728b)  -> (artifact id: 'bc072928b6cd87b8326c43e0eacbdd7e') in 0.002427 seconds 
  Import took 0.004555 seconds .

========================================================================
Received Import Request.
  Time since last request: 39.821426 seconds.
  path: Assets/Models/Characters/GoldenChippyOwner.obj
  artifactKey: Guid(8671462c743f0a349b8b88e17260881b) Importer(815301076,1909f56bfc062723c751e8b465ee728b)
Start importing Assets/Models/Characters/GoldenChippyOwner.obj using Guid(8671462c743f0a349b8b88e17260881b) Importer(815301076,1909f56bfc062723c751e8b465ee728b)  -> (artifact id: '676d15ec62fe4197b61430a4f5a14be9') in 0.096749 seconds 
  Import took 0.099142 seconds .

========================================================================
Received Import Request.
  Time since last request: 0.000456 seconds.
  path: Assets/Models/Characters/GoldenChippyOwner.png
  artifactKey: Guid(7999f0a725a1def42a80442fad13f785) Importer(815301076,1909f56bfc062723c751e8b465ee728b)
Start importing Assets/Models/Characters/GoldenChippyOwner.png using Guid(7999f0a725a1def42a80442fad13f785) Importer(815301076,1909f56bfc062723c751e8b465ee728b)  -> (artifact id: '5db7236665ed2c0c17c10b4ae0fc31b1') in 0.024418 seconds 
  Import took 0.026612 seconds .

========================================================================
Received Import Request.
  Time since last request: 45.576677 seconds.
  path: Assets/Models/Buildings_Generic/BLD_Vict01_Blue.obj
  artifactKey: Guid(df7a0704af071604dad39fc3fc86247d) Importer(815301076,1909f56bfc062723c751e8b465ee728b)
Start importing Assets/Models/Buildings_Generic/BLD_Vict01_Blue.obj using Guid(df7a0704af071604dad39fc3fc86247d) Importer(815301076,1909f56bfc062723c751e8b465ee728b)  -> (artifact id: 'e82752d9dc96446839a5b7731fe01c1d') in 0.044242 seconds 
  Import took 0.047138 seconds .

========================================================================
Received Import Request.
  Time since last request: 0.000333 seconds.
  path: Assets/Models/Buildings_Generic/obj_store02_DarkRed.obj
  artifactKey: Guid(9e71e4ea1b7945148b6252bf6afd430f) Importer(815301076,1909f56bfc062723c751e8b465ee728b)
Start importing Assets/Models/Buildings_Generic/obj_store02_DarkRed.obj using Guid(9e71e4ea1b7945148b6252bf6afd430f) Importer(815301076,1909f56bfc062723c751e8b465ee728b)  -> (artifact id: '939a6f52742060a5ec1b7f8c330320d8') in 0.040342 seconds 
  Import took 0.042612 seconds .

========================================================================
Received Import Request.
  Time since last request: 0.000339 seconds.
  path: Assets/Models/Buildings_Generic/obj_store03_Red.png
  artifactKey: Guid(f4eaffc02395a75499d39112dc01e6f2) Importer(815301076,1909f56bfc062723c751e8b465ee728b)
Start importing Assets/Models/Buildings_Generic/obj_store03_Red.png using Guid(f4eaffc02395a75499d39112dc01e6f2) Importer(815301076,1909f56bfc062723c751e8b465ee728b)  -> (artifact id: 'a24dd8013b67b2c3377dc49be94f739b') in 0.006508 seconds 
  Import took 0.008649 seconds .

========================================================================
Received Import Request.
  Time since last request: 0.000255 seconds.
  path: Assets/Models/Buildings_Generic/obj_store01_grey.obj
  artifactKey: Guid(14df7af9449997e47aa9351104c260b9) Importer(815301076,1909f56bfc062723c751e8b465ee728b)
Start importing Assets/Models/Buildings_Generic/obj_store01_grey.obj using Guid(14df7af9449997e47aa9351104c260b9) Importer(815301076,1909f56bfc062723c751e8b465ee728b)  -> (artifact id: '791f4cf138a22606e123e8805d145142') in 0.051101 seconds 
  Import took 0.053291 seconds .

========================================================================
Received Import Request.
  Time since last request: 0.000290 seconds.
  path: Assets/Models/Buildings_Generic/obj_store07_Red green.png
  artifactKey: Guid(077f1404246f327498d11c1474e3751c) Importer(815301076,1909f56bfc062723c751e8b465ee728b)
Start importing Assets/Models/Buildings_Generic/obj_store07_Red green.png using Guid(077f1404246f327498d11c1474e3751c) Importer(815301076,1909f56bfc062723c751e8b465ee728b)  -> (artifact id: '9759f3c60ff4d1627c8bf2758a79d7db') in 0.005505 seconds 
  Import took 0.007523 seconds .

========================================================================
Received Import Request.
  Time since last request: 0.000245 seconds.
  path: Assets/Models/Buildings_Generic/obj_store07_Grey green.png
  artifactKey: Guid(e78bb3049335fa848b56039ecd4f4c79) Importer(815301076,1909f56bfc062723c751e8b465ee728b)
Start importing Assets/Models/Buildings_Generic/obj_store07_Grey green.png using Guid(e78bb3049335fa848b56039ecd4f4c79) Importer(815301076,1909f56bfc062723c751e8b465ee728b)  -> (artifact id: '2140e3149739d5179f229d34602623a1') in 0.015018 seconds 
  Import took 0.017145 seconds .

========================================================================
Received Import Request.
  Time since last request: 0.000353 seconds.
  path: Assets/Models/Buildings_Generic/obj_store07_Grey red.png
  artifactKey: Guid(0bea2a4e7de636b4faaa54851299dcb3) Importer(815301076,1909f56bfc062723c751e8b465ee728b)
Start importing Assets/Models/Buildings_Generic/obj_store07_Grey red.png using Guid(0bea2a4e7de636b4faaa54851299dcb3) Importer(815301076,1909f56bfc062723c751e8b465ee728b)  -> (artifact id: 'ce659bc09e3e1868cfe9a87b05dbee64') in 0.012346 seconds 
  Import took 0.014384 seconds .

========================================================================
Received Import Request.
  Time since last request: 0.000219 seconds.
  path: Assets/Models/Buildings_Generic/obj_store07_White_Red.png
  artifactKey: Guid(b20f53d6ad198864a99322818cb62485) Importer(815301076,1909f56bfc062723c751e8b465ee728b)
Start importing Assets/Models/Buildings_Generic/obj_store07_White_Red.png using Guid(b20f53d6ad198864a99322818cb62485) Importer(815301076,1909f56bfc062723c751e8b465ee728b)  -> (artifact id: 'e878a10f585f337c18464bcf7087715c') in 0.005649 seconds 
  Import took 0.007690 seconds .

========================================================================
Received Import Request.
  Time since last request: 0.000314 seconds.
  path: Assets/Models/Buildings_Generic/obj_store02_Grey.obj
  artifactKey: Guid(ab39c404a8bc868418f76df25e3d9da2) Importer(815301076,1909f56bfc062723c751e8b465ee728b)
Start importing Assets/Models/Buildings_Generic/obj_store02_Grey.obj using Guid(ab39c404a8bc868418f76df25e3d9da2) Importer(815301076,1909f56bfc062723c751e8b465ee728b)  -> (artifact id: '339384e7b3286d880e229da9c47b0a93') in 0.019265 seconds 
  Import took 0.021476 seconds .

========================================================================
Received Import Request.
  Time since last request: 0.000280 seconds.
  path: Assets/Models/Buildings_Generic/obj_store07_Grey red.obj
  artifactKey: Guid(3dd3202fec273cb4aa47c0b998689303) Importer(815301076,1909f56bfc062723c751e8b465ee728b)
Start importing Assets/Models/Buildings_Generic/obj_store07_Grey red.obj using Guid(3dd3202fec273cb4aa47c0b998689303) Importer(815301076,1909f56bfc062723c751e8b465ee728b)  -> (artifact id: '764807ab11c64ae9adbec475dabec24e') in 0.016219 seconds 
  Import took 0.018291 seconds .

========================================================================
Received Import Request.
  Time since last request: 0.000300 seconds.
  path: Assets/Models/Buildings_Generic/BLD_Vict01_White.obj
  artifactKey: Guid(5d167dbedc897ee4eac8073670925a26) Importer(815301076,1909f56bfc062723c751e8b465ee728b)
Start importing Assets/Models/Buildings_Generic/BLD_Vict01_White.obj using Guid(5d167dbedc897ee4eac8073670925a26) Importer(815301076,1909f56bfc062723c751e8b465ee728b)  -> (artifact id: 'a14d08f6702f8f616449bf9f44d69392') in 0.018755 seconds 
  Import took 0.020836 seconds .

========================================================================
Received Import Request.
  Time since last request: 0.000269 seconds.
  path: Assets/Models/Buildings_Generic/obj_store07_White_Blue.png
  artifactKey: Guid(52f8f2e856f20a6429a87803f2d44b8e) Importer(815301076,1909f56bfc062723c751e8b465ee728b)
Start importing Assets/Models/Buildings_Generic/obj_store07_White_Blue.png using Guid(52f8f2e856f20a6429a87803f2d44b8e) Importer(815301076,1909f56bfc062723c751e8b465ee728b)  -> (artifact id: '3542eb92140832c13fcd49125d907317') in 0.005179 seconds 
  Import took 0.007143 seconds .

========================================================================
Received Import Request.
  Time since last request: 0.000204 seconds.
  path: Assets/Models/Buildings_Generic/obj_store01_Blue.obj
  artifactKey: Guid(f21a0364dcee1d846a272e113d358fdc) Importer(815301076,1909f56bfc062723c751e8b465ee728b)
Start importing Assets/Models/Buildings_Generic/obj_store01_Blue.obj using Guid(f21a0364dcee1d846a272e113d358fdc) Importer(815301076,1909f56bfc062723c751e8b465ee728b)  -> (artifact id: '2fd68cd8d92e874e233c58ca15378f35') in 0.018173 seconds 
  Import took 0.020313 seconds .

========================================================================
Received Import Request.
  Time since last request: 0.000302 seconds.
  path: Assets/Models/Buildings_Generic/obj_store01_Red.png
  artifactKey: Guid(d8a7d68666704f34ea62dc3fcb67aeb0) Importer(815301076,1909f56bfc062723c751e8b465ee728b)
Start importing Assets/Models/Buildings_Generic/obj_store01_Red.png using Guid(d8a7d68666704f34ea62dc3fcb67aeb0) Importer(815301076,1909f56bfc062723c751e8b465ee728b)  -> (artifact id: 'c42dcc7b38ccae0e64f0dda1e72093e4') in 0.005443 seconds 
  Import took 0.007508 seconds .

========================================================================
Received Import Request.
  Time since last request: 0.000257 seconds.
  path: Assets/Models/Buildings_Generic/obj_store03_White.png
  artifactKey: Guid(e86f1e9fdac89d948b7d4bfceb5d2f71) Importer(815301076,1909f56bfc062723c751e8b465ee728b)
Start importing Assets/Models/Buildings_Generic/obj_store03_White.png using Guid(e86f1e9fdac89d948b7d4bfceb5d2f71) Importer(815301076,1909f56bfc062723c751e8b465ee728b)  -> (artifact id: '4d230317bf21ed01623f94a17a48144e') in 0.005512 seconds 
  Import took 0.007452 seconds .

========================================================================
Received Import Request.
  Time since last request: 0.000264 seconds.
  path: Assets/Models/Buildings_Generic/obj_store07_Red red.obj
  artifactKey: Guid(b6f56d0897bcd7244a5fe61dddb41d64) Importer(815301076,1909f56bfc062723c751e8b465ee728b)
Start importing Assets/Models/Buildings_Generic/obj_store07_Red red.obj using Guid(b6f56d0897bcd7244a5fe61dddb41d64) Importer(815301076,1909f56bfc062723c751e8b465ee728b)  -> (artifact id: '7bf9940f8500d45559a912498bce5209') in 0.015724 seconds 
  Import took 0.017788 seconds .

========================================================================
Received Import Request.
  Time since last request: 0.000303 seconds.
  path: Assets/Models/Buildings_Generic/obj_store07_Red red.png
  artifactKey: Guid(b234da8d8b1009c4e832efb9498a7912) Importer(815301076,1909f56bfc062723c751e8b465ee728b)
Start importing Assets/Models/Buildings_Generic/obj_store07_Red red.png using Guid(b234da8d8b1009c4e832efb9498a7912) Importer(815301076,1909f56bfc062723c751e8b465ee728b)  -> (artifact id: '4462b3acc9f18035665534b4c38b6125') in 0.005200 seconds 
  Import took 0.007379 seconds .

========================================================================
Received Import Request.
  Time since last request: 0.000296 seconds.
  path: Assets/Models/Buildings_Generic/obj_store07_red_Blue.png
  artifactKey: Guid(87e37516ed2d44942915687a1097b330) Importer(815301076,1909f56bfc062723c751e8b465ee728b)
Start importing Assets/Models/Buildings_Generic/obj_store07_red_Blue.png using Guid(87e37516ed2d44942915687a1097b330) Importer(815301076,1909f56bfc062723c751e8b465ee728b)  -> (artifact id: '844ca9d2f5cbd841b18fecd50b584ee1') in 0.006296 seconds 
  Import took 0.008421 seconds .

========================================================================
Received Import Request.
  Time since last request: 0.000250 seconds.
  path: Assets/Models/Buildings_Generic/obj_store07_red_Blue.obj
  artifactKey: Guid(558e41bd222bb3343b57bc06294ce68b) Importer(815301076,1909f56bfc062723c751e8b465ee728b)
Start importing Assets/Models/Buildings_Generic/obj_store07_red_Blue.obj using Guid(558e41bd222bb3343b57bc06294ce68b) Importer(815301076,1909f56bfc062723c751e8b465ee728b)  -> (artifact id: 'ba17e578539d22ce9bc7db63c049af8c') in 0.016965 seconds 
  Import took 0.019001 seconds .

========================================================================
Received Import Request.
  Time since last request: 0.000274 seconds.
  path: Assets/Models/Buildings_Generic/obj_store02_DarkRed.png
  artifactKey: Guid(edc8eba05c153124ab1fd1ddbd8e3b74) Importer(815301076,1909f56bfc062723c751e8b465ee728b)
Start importing Assets/Models/Buildings_Generic/obj_store02_DarkRed.png using Guid(edc8eba05c153124ab1fd1ddbd8e3b74) Importer(815301076,1909f56bfc062723c751e8b465ee728b)  -> (artifact id: 'cf298b6291ba2a6227362fcec2d74d95') in 0.003779 seconds 
  Import took 0.005685 seconds .

========================================================================
Received Import Request.
  Time since last request: 0.000218 seconds.
  path: Assets/Models/Buildings_Generic/obj_store07_Grey blue.obj
  artifactKey: Guid(ad6588f1f42938c44878153b6e35fc27) Importer(815301076,1909f56bfc062723c751e8b465ee728b)
Start importing Assets/Models/Buildings_Generic/obj_store07_Grey blue.obj using Guid(ad6588f1f42938c44878153b6e35fc27) Importer(815301076,1909f56bfc062723c751e8b465ee728b)  -> (artifact id: '23b5bfc07ae5b021c5344cebf8e2404f') in 0.017544 seconds 
  Import took 0.019708 seconds .

========================================================================
Received Import Request.
  Time since last request: 0.000256 seconds.
  path: Assets/Models/Buildings_Generic/BLD_Vict01_Blue.png
  artifactKey: Guid(fcacc97f68e051044b16f358a870ed14) Importer(815301076,1909f56bfc062723c751e8b465ee728b)
Start importing Assets/Models/Buildings_Generic/BLD_Vict01_Blue.png using Guid(fcacc97f68e051044b16f358a870ed14) Importer(815301076,1909f56bfc062723c751e8b465ee728b)  -> (artifact id: '9a4aa95f6e5ef1388c7ba6f7fe89fc28') in 0.004967 seconds 
  Import took 0.007018 seconds .

========================================================================
Received Import Request.
  Time since last request: 0.000211 seconds.
  path: Assets/Models/Buildings_Generic/BLD_Vict01_brightRed.png
  artifactKey: Guid(15848396bf1cf5d4d9d9bb21fd0966b1) Importer(815301076,1909f56bfc062723c751e8b465ee728b)
Start importing Assets/Models/Buildings_Generic/BLD_Vict01_brightRed.png using Guid(15848396bf1cf5d4d9d9bb21fd0966b1) Importer(815301076,1909f56bfc062723c751e8b465ee728b)  -> (artifact id: '8531df96013aa77a86282ba91c314535') in 0.005406 seconds 
  Import took 0.007355 seconds .

========================================================================
Received Import Request.
  Time since last request: 0.000265 seconds.
  path: Assets/Models/Buildings_Generic/obj_store03_Grey.obj
  artifactKey: Guid(264fdc9ed93476940960c0e8e30af757) Importer(815301076,1909f56bfc062723c751e8b465ee728b)
Start importing Assets/Models/Buildings_Generic/obj_store03_Grey.obj using Guid(264fdc9ed93476940960c0e8e30af757) Importer(815301076,1909f56bfc062723c751e8b465ee728b)  -> (artifact id: '0c2623e58ea88163c1e039f524515575') in 0.020810 seconds 
  Import took 0.022919 seconds .

========================================================================
Received Import Request.
  Time since last request: 0.000303 seconds.
  path: Assets/Models/Buildings_Generic/obj_store07_Grey blue.png
  artifactKey: Guid(a34d483534cb26d4ea49db6cd0b8898b) Importer(815301076,1909f56bfc062723c751e8b465ee728b)
Start importing Assets/Models/Buildings_Generic/obj_store07_Grey blue.png using Guid(a34d483534cb26d4ea49db6cd0b8898b) Importer(815301076,1909f56bfc062723c751e8b465ee728b)  -> (artifact id: '3590c8e5adaa2a5d8020f2d9559857a0') in 0.004679 seconds 
  Import took 0.006705 seconds .

========================================================================
Received Import Request.
  Time since last request: 0.000249 seconds.
  path: Assets/Models/Buildings_Generic/obj_store07_White_Blue.obj
  artifactKey: Guid(8d5cde8aaffa72d4aa7922446c0f6fce) Importer(815301076,1909f56bfc062723c751e8b465ee728b)
Start importing Assets/Models/Buildings_Generic/obj_store07_White_Blue.obj using Guid(8d5cde8aaffa72d4aa7922446c0f6fce) Importer(815301076,1909f56bfc062723c751e8b465ee728b)  -> (artifact id: '5065888ee9de782ea7fb3dcd93466628') in 0.017033 seconds 
  Import took 0.019094 seconds .

========================================================================
Received Import Request.
  Time since last request: 0.000283 seconds.
  path: Assets/Models/Buildings_Generic/BLD_Vict01_White.png
  artifactKey: Guid(0d2e46a9e8cbe14428acfe7f75c174b9) Importer(815301076,1909f56bfc062723c751e8b465ee728b)
Start importing Assets/Models/Buildings_Generic/BLD_Vict01_White.png using Guid(0d2e46a9e8cbe14428acfe7f75c174b9) Importer(815301076,1909f56bfc062723c751e8b465ee728b)  -> (artifact id: '169fd1ff7104ca2dcf49a3ac2a0d22d1') in 0.004293 seconds 
  Import took 0.006398 seconds .

========================================================================
Received Import Request.
  Time since last request: 0.000270 seconds.
  path: Assets/Models/Buildings_Generic/obj_store01_White.obj
  artifactKey: Guid(73f7f5a15295c094ebd7c13033032bce) Importer(815301076,1909f56bfc062723c751e8b465ee728b)
Start importing Assets/Models/Buildings_Generic/obj_store01_White.obj using Guid(73f7f5a15295c094ebd7c13033032bce) Importer(815301076,1909f56bfc062723c751e8b465ee728b)  -> (artifact id: '375e683bd1f7a0d24e7843158b78e38d') in 0.018463 seconds 
  Import took 0.020650 seconds .

========================================================================
Received Import Request.
  Time since last request: 0.000261 seconds.
  path: Assets/Models/Buildings_Generic/obj_store03_White.obj
  artifactKey: Guid(2552a3b1d261be540b6b020bd3314a3f) Importer(815301076,1909f56bfc062723c751e8b465ee728b)
Start importing Assets/Models/Buildings_Generic/obj_store03_White.obj using Guid(2552a3b1d261be540b6b020bd3314a3f) Importer(815301076,1909f56bfc062723c751e8b465ee728b)  -> (artifact id: '245125a036bcb467a8913be3bade95b6') in 0.017395 seconds 
  Import took 0.019584 seconds .

========================================================================
Received Import Request.
  Time since last request: 0.000290 seconds.
  path: Assets/Models/Buildings_Generic/BLD_Vict01_Gray.png
  artifactKey: Guid(d03e8f066db018947b9d58b84a0812ba) Importer(815301076,1909f56bfc062723c751e8b465ee728b)
Start importing Assets/Models/Buildings_Generic/BLD_Vict01_Gray.png using Guid(d03e8f066db018947b9d58b84a0812ba) Importer(815301076,1909f56bfc062723c751e8b465ee728b)  -> (artifact id: 'a6be352523f50a53af374d6e81f8174c') in 0.005588 seconds 
  Import took 0.007700 seconds .

========================================================================
Received Import Request.
  Time since last request: 0.000207 seconds.
  path: Assets/Models/Buildings_Generic/obj_store01_Red.obj
  artifactKey: Guid(e9250e038749ec8448d36ca9bd8c0700) Importer(815301076,1909f56bfc062723c751e8b465ee728b)
Start importing Assets/Models/Buildings_Generic/obj_store01_Red.obj using Guid(e9250e038749ec8448d36ca9bd8c0700) Importer(815301076,1909f56bfc062723c751e8b465ee728b)  -> (artifact id: '034d5582655954da569acbf7415c2be0') in 0.016984 seconds 
  Import took 0.019081 seconds .

========================================================================
Received Import Request.
  Time since last request: 0.000264 seconds.
  path: Assets/Models/Buildings_Generic/obj_store02_Grey.png
  artifactKey: Guid(e1018079fa450a14ebb29777258784c4) Importer(815301076,1909f56bfc062723c751e8b465ee728b)
Start importing Assets/Models/Buildings_Generic/obj_store02_Grey.png using Guid(e1018079fa450a14ebb29777258784c4) Importer(815301076,1909f56bfc062723c751e8b465ee728b)  -> (artifact id: '85cbd8b5c2390def39e9f1c3b9a0575d') in 0.004552 seconds 
  Import took 0.006509 seconds .

========================================================================
Received Import Request.
  Time since last request: 0.000225 seconds.
  path: Assets/Models/Buildings_Generic/obj_store03_Grey.png
  artifactKey: Guid(9c8d09805663d3a49973bb1f1a4f4bab) Importer(815301076,1909f56bfc062723c751e8b465ee728b)
Start importing Assets/Models/Buildings_Generic/obj_store03_Grey.png using Guid(9c8d09805663d3a49973bb1f1a4f4bab) Importer(815301076,1909f56bfc062723c751e8b465ee728b)  -> (artifact id: 'de25731c1d8a3ef909f143d0ce5b4da3') in 0.005365 seconds 
  Import took 0.007498 seconds .

========================================================================
Received Import Request.
  Time since last request: 0.000276 seconds.
  path: Assets/Models/Buildings_Generic/obj_store01_grey.png
  artifactKey: Guid(ca6814554371cf342b7775e837fdb1a7) Importer(815301076,1909f56bfc062723c751e8b465ee728b)
Start importing Assets/Models/Buildings_Generic/obj_store01_grey.png using Guid(ca6814554371cf342b7775e837fdb1a7) Importer(815301076,1909f56bfc062723c751e8b465ee728b)  -> (artifact id: '0854fa7db1d8b97f147d5d31d810c8f8') in 0.004514 seconds 
  Import took 0.006600 seconds .

========================================================================
Received Import Request.
  Time since last request: 0.000200 seconds.
  path: Assets/Models/Buildings_Generic/BLD_Vict01_brightRed.obj
  artifactKey: Guid(95ee747fdf858a643bcbc7ced8c8b9d8) Importer(815301076,1909f56bfc062723c751e8b465ee728b)
Start importing Assets/Models/Buildings_Generic/BLD_Vict01_brightRed.obj using Guid(95ee747fdf858a643bcbc7ced8c8b9d8) Importer(815301076,1909f56bfc062723c751e8b465ee728b)  -> (artifact id: '79e5472ae2e1055b18a22e9201ab2b75') in 0.017042 seconds 
  Import took 0.019093 seconds .

========================================================================
Received Import Request.
  Time since last request: 0.000225 seconds.
  path: Assets/Models/Buildings_Generic/obj_store01_White.png
  artifactKey: Guid(7d66fbbd7c7e19f499c11e0fc4acb16e) Importer(815301076,1909f56bfc062723c751e8b465ee728b)
Start importing Assets/Models/Buildings_Generic/obj_store01_White.png using Guid(7d66fbbd7c7e19f499c11e0fc4acb16e) Importer(815301076,1909f56bfc062723c751e8b465ee728b)  -> (artifact id: '0fb57ad0fe73742cb07516ea970bc874') in 0.004228 seconds 
  Import took 0.006240 seconds .

========================================================================
Received Import Request.
  Time since last request: 0.000246 seconds.
  path: Assets/Models/Buildings_Generic/obj_store01_Blue.png
  artifactKey: Guid(ac70c13455b8f6745b38b0e541e35b6c) Importer(815301076,1909f56bfc062723c751e8b465ee728b)
Start importing Assets/Models/Buildings_Generic/obj_store01_Blue.png using Guid(ac70c13455b8f6745b38b0e541e35b6c) Importer(815301076,1909f56bfc062723c751e8b465ee728b)  -> (artifact id: '178107ecd2d71878c44e8bfb6e467880') in 0.004486 seconds 
  Import took 0.006631 seconds .

========================================================================
Received Import Request.
  Time since last request: 0.000259 seconds.
  path: Assets/Models/Buildings_Generic/obj_store07_White_Red.obj
  artifactKey: Guid(35a8a900ce1d4b043b97dab71938f8aa) Importer(815301076,1909f56bfc062723c751e8b465ee728b)
Start importing Assets/Models/Buildings_Generic/obj_store07_White_Red.obj using Guid(35a8a900ce1d4b043b97dab71938f8aa) Importer(815301076,1909f56bfc062723c751e8b465ee728b)  -> (artifact id: '71395d8c948c0f739f7e454dd9f8b45e') in 0.017585 seconds 
  Import took 0.019830 seconds .

========================================================================
Received Import Request.
  Time since last request: 0.000233 seconds.
  path: Assets/Models/Buildings_Generic/BLD_Vict01_Darkred.obj
  artifactKey: Guid(279b87cfdd0d4304cb6765caf3b6f94d) Importer(815301076,1909f56bfc062723c751e8b465ee728b)
Start importing Assets/Models/Buildings_Generic/BLD_Vict01_Darkred.obj using Guid(279b87cfdd0d4304cb6765caf3b6f94d) Importer(815301076,1909f56bfc062723c751e8b465ee728b)  -> (artifact id: 'd814520d37c8b7dd6a8c8c628579b848') in 0.018272 seconds 
  Import took 0.020556 seconds .

========================================================================
Received Import Request.
  Time since last request: 0.000298 seconds.
  path: Assets/Models/Buildings_Generic/obj_store07_Grey green.obj
  artifactKey: Guid(b00f006b176025c49a56f39142a318da) Importer(815301076,1909f56bfc062723c751e8b465ee728b)
Start importing Assets/Models/Buildings_Generic/obj_store07_Grey green.obj using Guid(b00f006b176025c49a56f39142a318da) Importer(815301076,1909f56bfc062723c751e8b465ee728b)  -> (artifact id: '0e20ec8281709616126902f4d8d605b1') in 0.016193 seconds 
  Import took 0.018344 seconds .

========================================================================
Received Import Request.
  Time since last request: 0.000261 seconds.
  path: Assets/Models/Buildings_Generic/BLD_Vict01_Gray.obj
  artifactKey: Guid(2b771fb25955efe4c9545c3acd46e2dc) Importer(815301076,1909f56bfc062723c751e8b465ee728b)
Start importing Assets/Models/Buildings_Generic/BLD_Vict01_Gray.obj using Guid(2b771fb25955efe4c9545c3acd46e2dc) Importer(815301076,1909f56bfc062723c751e8b465ee728b)  -> (artifact id: '693e5459f38bc9259068c744bd61bd30') in 0.016783 seconds 
  Import took 0.018908 seconds .

========================================================================
Received Import Request.
  Time since last request: 0.000252 seconds.
  path: Assets/Models/Buildings_Generic/obj_store03_Red.obj
  artifactKey: Guid(d2605d73a1480774c91017b9b022bea3) Importer(815301076,1909f56bfc062723c751e8b465ee728b)
Start importing Assets/Models/Buildings_Generic/obj_store03_Red.obj using Guid(d2605d73a1480774c91017b9b022bea3) Importer(815301076,1909f56bfc062723c751e8b465ee728b)  -> (artifact id: 'b149f56a579c91f3dcd8503735d8c8f5') in 0.018131 seconds 
  Import took 0.020257 seconds .

========================================================================
Received Import Request.
  Time since last request: 0.000243 seconds.
  path: Assets/Models/Buildings_Generic/obj_store07_White_Green.png
  artifactKey: Guid(10e4483507809574c9e6e07ffde775e8) Importer(815301076,1909f56bfc062723c751e8b465ee728b)
Start importing Assets/Models/Buildings_Generic/obj_store07_White_Green.png using Guid(10e4483507809574c9e6e07ffde775e8) Importer(815301076,1909f56bfc062723c751e8b465ee728b)  -> (artifact id: '8691b73bb3f019114fab531661547563') in 0.005018 seconds 
  Import took 0.006903 seconds .

========================================================================
Received Import Request.
  Time since last request: 0.000218 seconds.
  path: Assets/Models/Buildings_Generic/obj_store07_White_Green.obj
  artifactKey: Guid(5239b00c3d6a82a4db470421b68cff50) Importer(815301076,1909f56bfc062723c751e8b465ee728b)
Start importing Assets/Models/Buildings_Generic/obj_store07_White_Green.obj using Guid(5239b00c3d6a82a4db470421b68cff50) Importer(815301076,1909f56bfc062723c751e8b465ee728b)  -> (artifact id: '050eb56965de53be8e56b435c128648d') in 0.017999 seconds 
  Import took 0.020235 seconds .

========================================================================
Received Import Request.
  Time since last request: 0.000262 seconds.
  path: Assets/Models/Buildings_Generic/BLD_Vict01_Darkred.png
  artifactKey: Guid(019ce1cfd7347a04b809c7d6742acd52) Importer(815301076,1909f56bfc062723c751e8b465ee728b)
Start importing Assets/Models/Buildings_Generic/BLD_Vict01_Darkred.png using Guid(019ce1cfd7347a04b809c7d6742acd52) Importer(815301076,1909f56bfc062723c751e8b465ee728b)  -> (artifact id: '0189c26dd3fb5963da2dc88ed829a85b') in 0.004940 seconds 
  Import took 0.007121 seconds .

========================================================================
Received Import Request.
  Time since last request: 0.000212 seconds.
  path: Assets/Models/Buildings_Generic/obj_store07_Red green.obj
  artifactKey: Guid(c0b503f659b0a4949b33b235a59dd675) Importer(815301076,1909f56bfc062723c751e8b465ee728b)
Start importing Assets/Models/Buildings_Generic/obj_store07_Red green.obj using Guid(c0b503f659b0a4949b33b235a59dd675) Importer(815301076,1909f56bfc062723c751e8b465ee728b)  -> (artifact id: 'dfb335e1739978d6f7844f2b09679e5e') in 0.016386 seconds 
  Import took 0.018406 seconds .

========================================================================
Received Prepare
Registering precompiled user dll's ...
Registered in 0.002439 seconds.
Begin MonoManager ReloadAssembly
Native extension for WindowsStandalone target not found
Refreshing native plugins compatible for Editor in 0.40 ms, found 2 plugins.
Preloading 0 native plugins for Editor in 0.00 ms.
Mono: successfully reloaded assembly
- Completed reload, in  0.742 seconds
Domain Reload Profiling:
	ReloadAssembly (743ms)
		BeginReloadAssembly (110ms)
			ExecutionOrderSort (0ms)
			DisableScriptedObjects (3ms)
			BackupInstance (0ms)
			ReleaseScriptingObjects (0ms)
			CreateAndSetChildDomain (29ms)
		EndReloadAssembly (573ms)
			LoadAssemblies (76ms)
			RebuildTransferFunctionScriptingTraits (0ms)
			SetupTypeCache (194ms)
			ReleaseScriptCaches (1ms)
			RebuildScriptCaches (27ms)
			SetupLoadedEditorAssemblies (218ms)
				LogAssemblyErrors (0ms)
				InitializePlatformSupportModulesInManaged (4ms)
				SetLoadedEditorAssemblies (0ms)
				RefreshPlugins (0ms)
				BeforeProcessingInitializeOnLoad (56ms)
				ProcessInitializeOnLoadAttributes (144ms)
				ProcessInitializeOnLoadMethodAttributes (8ms)
				AfterProcessingInitializeOnLoad (5ms)
				EditorAssembliesLoaded (0ms)
			ExecutionOrderSort2 (0ms)
			AwakeInstancesAfterBackupRestoration (6ms)
Platform modules already initialized, skipping
Refreshing native plugins compatible for Editor in 0.34 ms, found 2 plugins.
Preloading 0 native plugins for Editor in 0.00 ms.
Unloading 1510 Unused Serialized files (Serialized files now loaded: 0)
System memory in use before: 74.9 MB.
System memory in use after: 75.0 MB.

Unloading 11 unused Assets to reduce memory usage. Loaded Objects now: 2013.
Total: 1.940300 ms (FindLiveObjects: 0.127400 ms CreateObjectMapping: 0.025400 ms MarkObjects: 1.767200 ms  DeleteObjects: 0.018700 ms)

AssetImportParameters requested are different than current active one (requested -> active):
  custom:framework-win-MediaFoundation: 216162199b28c13a410421893ffa2e32 -> 
  custom:video-decoder-ogg-theora: a1e56fd34408186e4bbccfd4996cb3dc -> 
  custom:container-muxer-webm: aa71ff27fc2769a1b78a27578f13a17b -> 
  custom:container-demuxer-webm: 4f35f7cbe854078d1ac9338744f61a02 -> 
  custom:container-demuxer-ogg: 62fdf1f143b41e24485cea50d1cbac27 -> 
  custom:video-encoder-webm-vp8: eb34c28f22e8b96e1ab97ce403110664 -> 
  custom:video-decoder-webm-vp8: 9c59270c3fd7afecdb556c50c9e8de78 -> 
  custom:audio-decoder-ogg-vorbis: bf7c407c2cedff20999df2af8eb42d56 -> 
  custom:audio-encoder-webm-vorbis: bf7c407c2cedff20999df2af8eb42d56 -> 
========================================================================
Received Import Request.
  Time since last request: 721.364035 seconds.
  path: Assets/Scenes/GoldenChippy.unity
  artifactKey: Guid(da933a6a9a813f34da98b72cc577396a) Importer(815301076,1909f56bfc062723c751e8b465ee728b)
Start importing Assets/Scenes/GoldenChippy.unity using Guid(da933a6a9a813f34da98b72cc577396a) Importer(815301076,1909f56bfc062723c751e8b465ee728b)  -> (artifact id: '7a96e70e27dbd91776b6a05385b32662') in 0.010110 seconds 
  Import took 0.012927 seconds .

========================================================================
Received Import Request.
  Time since last request: 43.073878 seconds.
  path: Assets/Scenes/BigBen.unity
  artifactKey: Guid(bb612fa4805d10646807cb3f7b333021) Importer(815301076,1909f56bfc062723c751e8b465ee728b)
Start importing Assets/Scenes/BigBen.unity using Guid(bb612fa4805d10646807cb3f7b333021) Importer(815301076,1909f56bfc062723c751e8b465ee728b)  -> (artifact id: '238041e5bc9fd32ce1e913bad8f6ede1') in 0.002191 seconds 
  Import took 0.004424 seconds .

========================================================================
Received Import Request.
  Time since last request: 1.133225 seconds.
  path: Assets/Scenes/GoldenChippy.unity
  artifactKey: Guid(da933a6a9a813f34da98b72cc577396a) Importer(815301076,1909f56bfc062723c751e8b465ee728b)
Start importing Assets/Scenes/GoldenChippy.unity using Guid(da933a6a9a813f34da98b72cc577396a) Importer(815301076,1909f56bfc062723c751e8b465ee728b)  -> (artifact id: '1ad26284e738683457938d3cab647bab') in 0.002161 seconds 
  Import took 0.004280 seconds .

========================================================================
Received Prepare
Registering precompiled user dll's ...
Registered in 0.002063 seconds.
Begin MonoManager ReloadAssembly
Native extension for WindowsStandalone target not found
Refreshing native plugins compatible for Editor in 0.35 ms, found 2 plugins.
Preloading 0 native plugins for Editor in 0.00 ms.
Mono: successfully reloaded assembly
- Completed reload, in  0.656 seconds
Domain Reload Profiling:
	ReloadAssembly (657ms)
		BeginReloadAssembly (92ms)
			ExecutionOrderSort (0ms)
			DisableScriptedObjects (3ms)
			BackupInstance (0ms)
			ReleaseScriptingObjects (0ms)
			CreateAndSetChildDomain (28ms)
		EndReloadAssembly (521ms)
			LoadAssemblies (59ms)
			RebuildTransferFunctionScriptingTraits (0ms)
			SetupTypeCache (179ms)
			ReleaseScriptCaches (1ms)
			RebuildScriptCaches (26ms)
			SetupLoadedEditorAssemblies (192ms)
				LogAssemblyErrors (0ms)
				InitializePlatformSupportModulesInManaged (4ms)
				SetLoadedEditorAssemblies (0ms)
				RefreshPlugins (0ms)
				BeforeProcessingInitializeOnLoad (51ms)
				ProcessInitializeOnLoadAttributes (125ms)
				ProcessInitializeOnLoadMethodAttributes (6ms)
				AfterProcessingInitializeOnLoad (5ms)
				EditorAssembliesLoaded (0ms)
			ExecutionOrderSort2 (0ms)
			AwakeInstancesAfterBackupRestoration (4ms)
Platform modules already initialized, skipping
Refreshing native plugins compatible for Editor in 0.34 ms, found 2 plugins.
Preloading 0 native plugins for Editor in 0.00 ms.
Unloading 1510 Unused Serialized files (Serialized files now loaded: 0)
System memory in use before: 75.0 MB.
System memory in use after: 75.1 MB.

Unloading 11 unused Assets to reduce memory usage. Loaded Objects now: 2015.
Total: 1.971500 ms (FindLiveObjects: 0.110700 ms CreateObjectMapping: 0.023800 ms MarkObjects: 1.819000 ms  DeleteObjects: 0.016100 ms)

AssetImportParameters requested are different than current active one (requested -> active):
  custom:framework-win-MediaFoundation: 216162199b28c13a410421893ffa2e32 -> 
  custom:video-decoder-ogg-theora: a1e56fd34408186e4bbccfd4996cb3dc -> 
  custom:container-muxer-webm: aa71ff27fc2769a1b78a27578f13a17b -> 
  custom:container-demuxer-webm: 4f35f7cbe854078d1ac9338744f61a02 -> 
  custom:container-demuxer-ogg: 62fdf1f143b41e24485cea50d1cbac27 -> 
  custom:video-encoder-webm-vp8: eb34c28f22e8b96e1ab97ce403110664 -> 
  custom:video-decoder-webm-vp8: 9c59270c3fd7afecdb556c50c9e8de78 -> 
  custom:audio-decoder-ogg-vorbis: bf7c407c2cedff20999df2af8eb42d56 -> 
  custom:audio-encoder-webm-vorbis: bf7c407c2cedff20999df2af8eb42d56 -> 
========================================================================
Received Prepare
Registering precompiled user dll's ...
Registered in 0.001974 seconds.
Begin MonoManager ReloadAssembly
Native extension for WindowsStandalone target not found
Refreshing native plugins compatible for Editor in 0.34 ms, found 2 plugins.
Preloading 0 native plugins for Editor in 0.00 ms.
Mono: successfully reloaded assembly
- Completed reload, in  0.649 seconds
Domain Reload Profiling:
	ReloadAssembly (650ms)
		BeginReloadAssembly (87ms)
			ExecutionOrderSort (0ms)
			DisableScriptedObjects (3ms)
			BackupInstance (0ms)
			ReleaseScriptingObjects (0ms)
			CreateAndSetChildDomain (22ms)
		EndReloadAssembly (518ms)
			LoadAssemblies (58ms)
			RebuildTransferFunctionScriptingTraits (0ms)
			SetupTypeCache (172ms)
			ReleaseScriptCaches (1ms)
			RebuildScriptCaches (26ms)
			SetupLoadedEditorAssemblies (197ms)
				LogAssemblyErrors (0ms)
				InitializePlatformSupportModulesInManaged (4ms)
				SetLoadedEditorAssemblies (0ms)
				RefreshPlugins (0ms)
				BeforeProcessingInitializeOnLoad (51ms)
				ProcessInitializeOnLoadAttributes (129ms)
				ProcessInitializeOnLoadMethodAttributes (7ms)
				AfterProcessingInitializeOnLoad (5ms)
				EditorAssembliesLoaded (0ms)
			ExecutionOrderSort2 (0ms)
			AwakeInstancesAfterBackupRestoration (5ms)
Platform modules already initialized, skipping
Refreshing native plugins compatible for Editor in 0.36 ms, found 2 plugins.
Preloading 0 native plugins for Editor in 0.00 ms.
Unloading 1510 Unused Serialized files (Serialized files now loaded: 0)
System memory in use before: 75.0 MB.
System memory in use after: 75.1 MB.

Unloading 11 unused Assets to reduce memory usage. Loaded Objects now: 2017.
Total: 1.904200 ms (FindLiveObjects: 0.116600 ms CreateObjectMapping: 0.023300 ms MarkObjects: 1.748500 ms  DeleteObjects: 0.015100 ms)

AssetImportParameters requested are different than current active one (requested -> active):
  custom:framework-win-MediaFoundation: 216162199b28c13a410421893ffa2e32 -> 
  custom:video-decoder-ogg-theora: a1e56fd34408186e4bbccfd4996cb3dc -> 
  custom:container-muxer-webm: aa71ff27fc2769a1b78a27578f13a17b -> 
  custom:container-demuxer-webm: 4f35f7cbe854078d1ac9338744f61a02 -> 
  custom:container-demuxer-ogg: 62fdf1f143b41e24485cea50d1cbac27 -> 
  custom:video-encoder-webm-vp8: eb34c28f22e8b96e1ab97ce403110664 -> 
  custom:video-decoder-webm-vp8: 9c59270c3fd7afecdb556c50c9e8de78 -> 
  custom:audio-decoder-ogg-vorbis: bf7c407c2cedff20999df2af8eb42d56 -> 
  custom:audio-encoder-webm-vorbis: bf7c407c2cedff20999df2af8eb42d56 -> 
========================================================================
Received Import Request.
  Time since last request: 407.646731 seconds.
  path: Assets/Scenes/Map.unity
  artifactKey: Guid(9fc0d4010bbf28b4594072e72b8655ab) Importer(815301076,1909f56bfc062723c751e8b465ee728b)
Start importing Assets/Scenes/Map.unity using Guid(9fc0d4010bbf28b4594072e72b8655ab) Importer(815301076,1909f56bfc062723c751e8b465ee728b)  -> (artifact id: 'a41db14f7c350d6d9ebc45c19d60cb8a') in 0.010587 seconds 
  Import took 0.012885 seconds .

AssetImportWorkerClient::OnTransportError - code=2 error=End of file
